\BOOKMARK [1][-]{section.1}{Introduction}{}% 1
\BOOKMARK [2][-]{subsection.1.1}{But du projet}{section.1}% 2
\BOOKMARK [2][-]{subsection.1.2}{Glossaire}{section.1}% 3
\BOOKMARK [2][-]{subsection.1.3}{Historique}{section.1}% 4
\BOOKMARK [1][-]{section.2}{Besoins utilisateur: Fonctionnels}{}% 5
\BOOKMARK [2][-]{subsection.2.1}{Connexion/Cr\351ation de compte}{section.2}% 6
\BOOKMARK [3][-]{subsubsection.2.1.1}{Inviter un ami}{subsection.2.1}% 7
\BOOKMARK [2][-]{subsection.2.2}{Chat}{section.2}% 8
\BOOKMARK [2][-]{subsection.2.3}{Menu}{section.2}% 9
\BOOKMARK [3][-]{subsubsection.2.3.1}{Cr\351er une partie}{subsection.2.3}% 10
\BOOKMARK [3][-]{subsubsection.2.3.2}{Rejoindre une partie}{subsection.2.3}% 11
\BOOKMARK [3][-]{subsubsection.2.3.3}{Rejoindre un ami}{subsection.2.3}% 12
\BOOKMARK [3][-]{subsubsection.2.3.4}{Charger une partie}{subsection.2.3}% 13
\BOOKMARK [2][-]{subsection.2.4}{En partie}{section.2}% 14
\BOOKMARK [3][-]{subsubsection.2.4.1}{Abandon d'une partie en cours}{subsection.2.4}% 15
\BOOKMARK [3][-]{subsubsection.2.4.2}{Mettre une partie en pause et la sauvegarder}{subsection.2.4}% 16
\BOOKMARK [1][-]{section.3}{Besoin utilisateur: Non fonctionnels}{}% 17
\BOOKMARK [2][-]{subsection.3.1}{G\351rer une liste d'amis}{section.3}% 18
\BOOKMARK [3][-]{subsubsection.3.1.1}{Bar de recherche dans liste d'amis}{subsection.3.1}% 19
\BOOKMARK [3][-]{subsubsection.3.1.2}{Ajouter un ami}{subsection.3.1}% 20
\BOOKMARK [2][-]{subsection.3.2}{Configurer une partie}{section.3}% 21
\BOOKMARK [3][-]{subsubsection.3.2.1}{Choisir un mode de jeu}{subsection.3.2}% 22
\BOOKMARK [3][-]{subsubsection.3.2.2}{Choisir le nombre de joueurs}{subsection.3.2}% 23
\BOOKMARK [3][-]{subsubsection.3.2.3}{Choisir les param\350tres}{subsection.3.2}% 24
\BOOKMARK [1][-]{section.4}{Besoin syst\350me: Fonctionnels}{}% 25
\BOOKMARK [2][-]{subsection.4.1}{Gestion des comptes}{section.4}% 26
\BOOKMARK [3][-]{subsubsection.4.1.1}{Cr\351ation d'un compte}{subsection.4.1}% 27
\BOOKMARK [3][-]{subsubsection.4.1.2}{Suppression d'un compte}{subsection.4.1}% 28
\BOOKMARK [2][-]{subsection.4.2}{Gestions des profils}{section.4}% 29
\BOOKMARK [3][-]{subsubsection.4.2.1}{Affichage des profils}{subsection.4.2}% 30
\BOOKMARK [3][-]{subsubsection.4.2.2}{Chat inter-profil}{subsection.4.2}% 31
\BOOKMARK [3][-]{subsubsection.4.2.3}{Modifier son profil}{subsection.4.2}% 32
\BOOKMARK [3][-]{subsubsection.4.2.4}{Sauvegarder les statistiques du joueur}{subsection.4.2}% 33
\BOOKMARK [2][-]{subsection.4.3}{Gestion d'une partie}{section.4}% 34
\BOOKMARK [3][-]{subsubsection.4.3.1}{Gestion du plateau}{subsection.4.3}% 35
\BOOKMARK [3][-]{subsubsection.4.3.2}{Gestion des pions}{subsection.4.3}% 36
\BOOKMARK [3][-]{subsubsection.4.3.3}{Gestion des murs}{subsection.4.3}% 37
\BOOKMARK [3][-]{subsubsection.4.3.4}{Gestion des tours}{subsection.4.3}% 38
\BOOKMARK [2][-]{subsection.4.4}{Rejoindre une partie}{section.4}% 39
\BOOKMARK [3][-]{subsubsection.4.4.1}{Matchmaking rapide: trouver un salon ouvert}{subsection.4.4}% 40
\BOOKMARK [3][-]{subsubsection.4.4.2}{Rejoindre un ami}{subsection.4.4}% 41
\BOOKMARK [2][-]{subsection.4.5}{Classement des joueurs}{section.4}% 42
\BOOKMARK [1][-]{section.5}{Besoins syst\350me: Non fonctionnels}{}% 43
\BOOKMARK [2][-]{subsection.5.1}{OS}{section.5}% 44
\BOOKMARK [2][-]{subsection.5.2}{R\351seau}{section.5}% 45
\BOOKMARK [2][-]{subsection.5.3}{Disponibilit\351}{section.5}% 46
\BOOKMARK [2][-]{subsection.5.4}{Performances}{section.5}% 47
\BOOKMARK [2][-]{subsection.5.5}{Capacit\351}{section.5}% 48
\BOOKMARK [2][-]{subsection.5.6}{S\351curit\351}{section.5}% 49
\BOOKMARK [2][-]{subsection.5.7}{Robustesse}{section.5}% 50
\BOOKMARK [1][-]{section.6}{Design et fonctionnement du Syst\350me}{}% 51
\BOOKMARK [2][-]{subsection.6.1}{Design du syst\350me}{section.6}% 52
\BOOKMARK [3][-]{subsubsection.6.1.1}{Explications compl\351mentaires}{subsection.6.1}% 53
\BOOKMARK [2][-]{subsection.6.2}{Fonctionnement du syst\350me}{section.6}% 54
\BOOKMARK [3][-]{subsubsection.6.2.1}{Inscription}{subsection.6.2}% 55
\BOOKMARK [3][-]{subsubsection.6.2.2}{Connexion}{subsection.6.2}% 56
\BOOKMARK [3][-]{subsubsection.6.2.3}{Chat}{subsection.6.2}% 57
\BOOKMARK [2][-]{subsection.6.3}{Design des modes de jeux}{section.6}% 58
\BOOKMARK [2][-]{subsection.6.4}{Design de l'IA}{section.6}% 59
